Line 2: Could not create reference: '{6F2A8BEC-0B0A-4991-A21A-ED31E9C8005D}#27.0#0'.
Line 61: Class vbREGs.CommandButton of control CommandButton1 was not a loaded control class.
Line 615: Class vbREGs.CommandButton of control CommandButton4 was not a loaded control class.
Line 776: Class vbREGs.CommandButton of control CommandButton2 was not a loaded control class.
Line 786: Class vbREGs.CommandButton of control CommandButton3 was not a loaded control class.
Line 67: The property name _ExtentX in CommandButton1 is invalid.
Line 68: The property name _ExtentY in CommandButton1 is invalid.
Line 69: The property name Caption in CommandButton1 is invalid.
Line 446: Property Picture in Image1 had an invalid file reference.
Line 455: Property Picture in Image1 had an invalid file reference.
Line 464: Property Picture in Image1 had an invalid file reference.
Line 473: Property Picture in Image1 had an invalid file reference.
Line 482: Property Picture in Image1 had an invalid file reference.
Line 491: Property Picture in Image1 had an invalid file reference.
Line 500: Property Picture in Image1 had an invalid file reference.
Line 509: Property Picture in Image1 had an invalid file reference.
Line 518: Property Picture in Image1 had an invalid file reference.
Line 527: Property Picture in Image1 had an invalid file reference.
Line 536: Property Picture in Image1 had an invalid file reference.
Line 545: Property Picture in Image1 had an invalid file reference.
Line 554: Property Picture in Image1 had an invalid file reference.
Line 563: Property Picture in Image1 had an invalid file reference.
Line 572: Property Picture in Image1 had an invalid file reference.
Line 581: Property Picture in Image1 had an invalid file reference.
Line 621: The property name _ExtentX in CommandButton4 is invalid.
Line 622: The property name _ExtentY in CommandButton4 is invalid.
Line 623: The property name Caption in CommandButton4 is invalid.
Line 770: Property Picture in Image1 had an invalid file reference.
Line 782: The property name _ExtentX in CommandButton2 is invalid.
Line 783: The property name _ExtentY in CommandButton2 is invalid.
Line 784: The property name Caption in CommandButton2 is invalid.
Line 792: The property name _ExtentX in CommandButton3 is invalid.
Line 793: The property name _ExtentY in CommandButton3 is invalid.
Line 794: The property name Caption in CommandButton3 is invalid.
